<?xml version="1.0" encoding="UTF-8"?>
<!-- Generated by org.testng.reporters.JUnitXMLReporter -->
<testsuite ignored="0" hostname="DESKTOP-RUC9O5J" failures="0" tests="4" name="Default test" time="29.005" errors="0" timestamp="2020-08-13T22:06:39 EDT">
  <testcase classname="Academy.E2EProject.ValidateTitle" name="basePageNavigation" time="0.103"/>
  <testcase classname="Academy.E2EProject.ValidateNavigationBar" name="basePageNavigation" time="0.058"/>
  <testcase classname="Academy.E2EProject.HomePage" name="basePageNavigation" time="6.17"/>
  <testcase classname="Academy.E2EProject.HomePage" name="basePageNavigation" time="3.58"/>
</testsuite> <!-- Default test -->
