<?xml version="1.0" encoding="UTF-8"?>
<!-- Generated by org.testng.reporters.JUnitXMLReporter -->
<testsuite ignored="0" hostname="DESKTOP-RUC9O5J" failures="0" tests="4" name="Test" time="25.763" errors="0" timestamp="2020-08-13T21:27:13 EDT">
  <testcase classname="Academy.E2EProject.HomePage" name="basePageNavigation" time="5.518"/>
  <testcase classname="Academy.E2EProject.HomePage" name="basePageNavigation" time="2.709"/>
  <testcase classname="Academy.E2EProject.ValidateNavigationBar" name="basePageNavigation" time="0.067"/>
  <testcase classname="Academy.E2EProject.ValidateTitle" name="basePageNavigation" time="0.114"/>
</testsuite> <!-- Test -->
