<?xml version="1.0" encoding="UTF-8"?>
<testsuite xmlns:xsi="http://www.w3.org/2001/XMLSchema-instance" xsi:noNamespaceSchemaLocation="https://maven.apache.org/surefire/maven-surefire-plugin/xsd/surefire-test-report-3.0.xsd" version="3.0" name="TestSuite" time="25.754" tests="4" errors="0" skipped="0" failures="0">
  <properties>
[...]
</properties>
  <testcase name="basePageNavigation" classname="Academy.E2EProject.ValidateNavigationBar" time="0.545">
    <system-err><![CDATA[ERROR StatusLogger Log4j2 could not find a logging implementation. Please add log4j-core to the classpath. Using SimpleLogger to log to the console...
SLF4J: Failed to load class "org.slf4j.impl.StaticLoggerBinder".
SLF4J: Defaulting to no-operation (NOP) logger implementation
SLF4J: See http://www.slf4j.org/codes.html#StaticLoggerBinder for further details.
Starting ChromeDriver 84.0.4147.30 (48b3e868b4Sctca0arat7ie8n1g4 95Ch1r9o6m90ebD6rfi6v9e4r9 e8141.00a.84-1r4e7f.s3/0b r(a4n8cbh3-eh8e6a8dbs4/c4c104a7a@7{e#8311409}5) 1o9n6 9p0obr6t 13f763094
9Oen1l1y0 al8o-craelf cso/nbnreacntciohn-sh eaardes /a4ll1o4w7e@d{.#3
P1l0e}a)s eo ns epeo rhtt t4p51s6:4//
cOhromneldyr ilvoecra.clh rcoomninuemc.toirogn/ss eacureri tayl-lcoownseidd.er
aPtlieoansse  fsoere  shutgtgpesst:i/o/ncsh roonm ekdereipvienrg. cChhrroommieuDmr.iovregr/ sseacfeu.r
ity-considerations for sugCghSertosmaterDitroiinnvsge  rCoh nwr aoksmee eDpsritinavgr etrCe h8dr4 o.sm0uec.Dc4reis1svf4eu7rl.l 3ys0.a f(
e4.8
b3eC8h6r8obme4Dcrci0vaear7 ew8a1s 4s9ta5rt1e9d6 9s0ucbc6esfs6fu9ll4y9.e
110a8-refs/branch-heads/4147@{#310}) on port 5464
Only local connections are allowed.
Please see https://chromedriver.chromium.org/security-considerations for suggestions on keeping ChromeDriver safe.
ChromeDriver was started successfully.
Aug 19, 2020 9:14:19 PM org.openqa.selenium.remote.ProtocolHandshake createSession
INFO: Detected dialect: W3C
Aug 19, 2020 9:14:19 PM org.openqa.selenium.remote.ProtocolHandshake createSession
INFO: Detected dialect: W3C
Aug 19, 2020 9:14:19 PM org.openqa.selenium.remote.ProtocolHandshake createSession
INFO: Detected dialect: W3C
]]></system-err>
  </testcase>
  <testcase name="basePageNavigation" classname="Academy.E2EProject.ValidateTitle" time="0.698"/>
  <testcase name="basePageNavigation[nonrestricteduser@qa.com, Testpassword, Restricted User](1)" classname="Academy.E2EProject.HomePage" time="3.886"/>
  <testcase name="basePageNavigation[restricteduser@qa.com, Testpassword, Non Restricted User](2)" classname="Academy.E2EProject.HomePage" time="3.463"/>
</testsuite>